<?xml version="1.0" encoding="UTF-8"?>
<!-- Generated by org.testng.reporters.JUnitReportReporter -->
<testsuite hostname="aarya-7" name="CA_API" tests="1" failures="0" timestamp="26 Apr 2016 17:41:15 GMT" time="6.392" errors="0">
  <testcase name="simpleExample" time="6.392" classname="CA_API"/>
</testsuite> <!-- CA_API -->
